4000 0.0001609325408935547
14000 0.0001609325408935547
24000 0.0001800060272216797
34000 0.00016307830810546875
44000 0.0001850128173828125
54000 0.0001609325408935547
64000 0.0003037452697753906
74000 0.00017404556274414062
84000 0.00016307830810546875
94000 0.00019478797912597656
104000 0.00017189979553222656
114000 0.0001609325408935547
124000 0.0001678466796875
134000 0.00016117095947265625
144000 0.0001621246337890625
154000 0.0001609325408935547
164000 0.00016880035400390625
174000 0.00016307830810546875
184000 0.0001621246337890625
194000 0.00015997886657714844
204000 0.00016021728515625
214000 0.00015997886657714844
224000 0.00017881393432617188
234000 0.00019788742065429688
244000 0.00019884109497070312
254000 0.0002110004425048828
264000 0.0001850128173828125
274000 0.00017905235290527344
284000 0.00017786026000976562
294000 0.00017309188842773438
304000 0.0001621246337890625
314000 0.000164031982421875
324000 0.000164031982421875
334000 0.00015997886657714844
344000 0.00015997886657714844
354000 0.0001609325408935547
364000 0.00015997886657714844
374000 0.00016379356384277344
384000 0.00016307830810546875
394000 0.0001609325408935547
404000 0.00016880035400390625
414000 0.0001609325408935547
424000 0.00021195411682128906
434000 0.00015997886657714844
444000 0.00017404556274414062
454000 0.00034308433532714844
464000 0.00017976760864257812
474000 0.0001628398895263672
484000 0.0001621246337890625
494000 0.00016188621520996094
504000 0.0001628398895263672
514000 0.00018596649169921875
524000 0.00016307830810546875
534000 0.00016307830810546875
544000 0.00016117095947265625
554000 0.0001609325408935547
564000 0.00016021728515625
574000 0.00016188621520996094
584000 0.0001621246337890625
594000 0.00016021728515625
604000 0.00015997886657714844
614000 0.0001609325408935547
624000 0.00016188621520996094
634000 0.00017309188842773438
644000 0.00015592575073242188
654000 0.00018405914306640625
664000 0.00028014183044433594
674000 0.00022411346435546875
684000 0.00016307830810546875
694000 0.00016307830810546875
704000 0.0001628398895263672
714000 0.00016307830810546875
724000 0.00015997886657714844
734000 0.00016808509826660156
744000 0.00016117095947265625
754000 0.00016021728515625
764000 0.00015997886657714844
774000 0.0001621246337890625
784000 0.00016117095947265625
794000 0.00015687942504882812
804000 0.00015687942504882812
814000 0.0002181529998779297
824000 0.00015783309936523438
834000 0.00015616416931152344
844000 0.00022292137145996094
854000 0.00016021728515625
864000 0.0002269744873046875
874000 0.0001621246337890625
884000 0.00016117095947265625
894000 0.00018262863159179688
904000 0.000164031982421875
914000 0.0001621246337890625
924000 0.00016117095947265625
934000 0.00016188621520996094
944000 0.00016188621520996094
954000 0.00017189979553222656
964000 0.00016069412231445312
974000 0.0001621246337890625
984000 0.00015997886657714844
994000 0.0001609325408935547
