4000 0.0002357959747314453
14000 0.00023508071899414062
24000 0.00024890899658203125
34000 0.00030732154846191406
44000 0.0003037452697753906
54000 0.00023889541625976562
64000 0.00023818016052246094
74000 0.00023818016052246094
84000 0.00024080276489257812
94000 0.0002391338348388672
104000 0.00023603439331054688
114000 0.00023603439331054688
124000 0.00023794174194335938
134000 0.00023889541625976562
144000 0.00023603439331054688
154000 0.0002372264862060547
164000 0.00023508071899414062
174000 0.00024008750915527344
184000 0.00023603439331054688
194000 0.00023508071899414062
204000 0.00023794174194335938
214000 0.00023603439331054688
224000 0.00024008750915527344
234000 0.0002567768096923828
244000 0.0002720355987548828
254000 0.00026488304138183594
264000 0.00024199485778808594
274000 0.0002532005310058594
284000 0.00023698806762695312
294000 0.00024008750915527344
304000 0.00023698806762695312
314000 0.00026798248291015625
324000 0.0002498626708984375
334000 0.00023603439331054688
344000 0.00023603439331054688
354000 0.00023698806762695312
364000 0.00024390220642089844
374000 0.0002357959747314453
384000 0.00023794174194335938
394000 0.00023603439331054688
404000 0.00027298927307128906
414000 0.00024127960205078125
424000 0.0002751350402832031
434000 0.0002391338348388672
444000 0.00023984909057617188
454000 0.00028395652770996094
464000 0.00024890899658203125
474000 0.0002377033233642578
484000 0.00023698806762695312
494000 0.0002410411834716797
504000 0.0002372264862060547
514000 0.00023603439331054688
524000 0.00023698806762695312
534000 0.00023698806762695312
544000 0.00026607513427734375
554000 0.0003209114074707031
564000 0.0002467632293701172
574000 0.0002357959747314453
584000 0.00024008750915527344
594000 0.00023889541625976562
604000 0.0002460479736328125
614000 0.0002391338348388672
624000 0.00023818016052246094
634000 0.00029587745666503906
644000 0.0002410411834716797
654000 0.00025272369384765625
664000 0.00023698806762695312
674000 0.00023889541625976562
684000 0.0002391338348388672
694000 0.000244140625
704000 0.00023674964904785156
714000 0.00023603439331054688
724000 0.0002739429473876953
734000 0.00023865699768066406
744000 0.00023508071899414062
754000 0.00023603439331054688
764000 0.0002620220184326172
774000 0.000324249267578125
784000 0.0002570152282714844
794000 0.00023794174194335938
804000 0.0002391338348388672
814000 0.0002751350402832031
824000 0.00023698806762695312
834000 0.0002486705780029297
844000 0.00023794174194335938
854000 0.00023603439331054688
864000 0.00023984909057617188
874000 0.00023698806762695312
884000 0.00024318695068359375
894000 0.0002377033233642578
904000 0.0002357959747314453
914000 0.00023674964904785156
924000 0.00023818016052246094
934000 0.00023603439331054688
944000 0.00023603439331054688
954000 0.00025582313537597656
964000 0.0002911090850830078
974000 0.00023889541625976562
984000 0.00024008750915527344
994000 0.00028705596923828125
