4000 0.0002808570861816406
14000 0.00023508071899414062
24000 0.00023508071899414062
34000 0.00023412704467773438
44000 0.00023293495178222656
54000 0.00023293495178222656
64000 0.0002579689025878906
74000 0.0002510547637939453
84000 0.00023889541625976562
94000 0.0002613067626953125
104000 0.00023508071899414062
114000 0.000308990478515625
124000 0.00026798248291015625
134000 0.00023293495178222656
144000 0.00023293495178222656
154000 0.0002429485321044922
164000 0.00023603439331054688
174000 0.00023221969604492188
184000 0.0002338886260986328
194000 0.00023293495178222656
204000 0.00023508071899414062
214000 0.00023293495178222656
224000 0.00023484230041503906
234000 0.0002980232238769531
244000 0.0003190040588378906
254000 0.0002701282501220703
264000 0.00023603439331054688
274000 0.00023293495178222656
284000 0.00023603439331054688
294000 0.000247955322265625
304000 0.0002589225769042969
314000 0.00023508071899414062
324000 0.0002467632293701172
334000 0.0002338886260986328
344000 0.00023508071899414062
354000 0.00023794174194335938
364000 0.00024390220642089844
374000 0.00023484230041503906
384000 0.00023412704467773438
394000 0.00023508071899414062
404000 0.00024771690368652344
414000 0.00023412704467773438
424000 0.00023508071899414062
434000 0.00024199485778808594
444000 0.0002410411834716797
454000 0.0002598762512207031
464000 0.0002739429473876953
474000 0.0002639293670654297
484000 0.0002541542053222656
494000 0.0002589225769042969
504000 0.0002357959747314453
514000 0.00023412704467773438
524000 0.00023436546325683594
534000 0.000240325927734375
544000 0.00023603439331054688
554000 0.00023412704467773438
564000 0.00023317337036132812
574000 0.00023412704467773438
584000 0.0002338886260986328
594000 0.00023603439331054688
604000 0.0002429485321044922
614000 0.0002429485321044922
624000 0.0003561973571777344
634000 0.00024390220642089844
644000 0.00026702880859375
654000 0.0002391338348388672
664000 0.00023603439331054688
674000 0.00023603439331054688
684000 0.00023603439331054688
694000 0.00023293495178222656
704000 0.00025916099548339844
714000 0.0003032684326171875
724000 0.00023794174194335938
734000 0.0002338886260986328
744000 0.0002319812774658203
754000 0.00023412704467773438
764000 0.0002338886260986328
774000 0.00029587745666503906
784000 0.0002338886260986328
794000 0.0002491474151611328
804000 0.00028705596923828125
814000 0.00024008750915527344
824000 0.00023698806762695312
834000 0.00023508071899414062
844000 0.00023412704467773438
854000 0.0002429485321044922
864000 0.0002391338348388672
874000 0.00023603439331054688
884000 0.0002338886260986328
894000 0.00023412704467773438
904000 0.00024127960205078125
914000 0.00023818016052246094
924000 0.00027298927307128906
934000 0.0002338886260986328
944000 0.00023293495178222656
954000 0.00023293495178222656
964000 0.00026988983154296875
974000 0.0002617835998535156
984000 0.0002391338348388672
994000 0.00026297569274902344
