0 0
8.821487426757812e-06 0
0.0033109188079833984 10000
0.007634878158569336 20000
0.01240682601928711 30000
0.015285015106201172 40000
0.0182797908782959 50000
0.021503925323486328 60000
0.024457931518554688 70000
0.02752995491027832 80000
0.03060293197631836 90000
0.0338139533996582 100000
0.03761696815490723 110000
0.04242992401123047 120000
0.0471498966217041 130000
0.05251789093017578 140000
0.05643177032470703 150000
0.059334754943847656 160000
0.06285977363586426 170000
0.06605386734008789 180000
0.06998872756958008 190000
0.07356786727905273 200000
0.0779728889465332 210000
0.08132100105285645 220000
0.08408975601196289 230000
0.08780288696289062 240000
0.09051799774169922 250000
0.09325385093688965 260000
0.09625673294067383 270000
0.09934496879577637 280000
0.1027839183807373 290000
0.10653185844421387 300000
0.1102747917175293 310000
0.11346888542175293 320000
0.1163787841796875 330000
0.11919379234313965 340000
0.12195682525634766 350000
0.12470197677612305 360000
0.12743782997131348 370000
0.13028287887573242 380000
0.13303494453430176 390000
0.13622784614562988 400000
0.1394660472869873 410000
0.14261579513549805 420000
0.14620089530944824 430000
0.14901471138000488 440000
0.1521599292755127 450000
0.15491104125976562 460000
0.1576237678527832 470000
0.16037201881408691 480000
0.16312289237976074 490000
0.16609573364257812 500000
0.16904401779174805 510000
0.17269468307495117 520000
0.17773795127868652 530000
0.18184876441955566 540000
0.18542695045471191 550000
0.18879485130310059 560000
0.19156980514526367 570000
0.19439387321472168 580000
0.1974489688873291 590000
0.20075488090515137 600000
0.20566987991333008 610000
0.20964574813842773 620000
0.21256184577941895 630000
0.2155468463897705 640000
0.21836376190185547 650000
0.22115206718444824 660000
0.22391080856323242 670000
0.2267148494720459 680000
0.22967076301574707 690000
0.23315787315368652 700000
0.237318754196167 710000
0.24127888679504395 720000
0.245391845703125 730000
0.24832582473754883 740000
0.251079797744751 750000
0.2537877559661865 760000
0.2565619945526123 770000
0.25932979583740234 780000
0.26253581047058105 790000
0.26578593254089355 800000
0.26926183700561523 810000
0.2738628387451172 820000
0.27738380432128906 830000
0.2805488109588623 840000
0.283282995223999 850000
0.28620171546936035 860000
0.288942813873291 870000
0.29189300537109375 880000
0.29466986656188965 890000
0.29767584800720215 900000
0.30057382583618164 910000
0.3038599491119385 920000
0.3074367046356201 930000
0.31202101707458496 940000
0.3164496421813965 950000
0.3202366828918457 960000
0.3238508701324463 970000
0.32671380043029785 980000
0.3294830322265625 990000
0.33261680603027344 1000000
0.3356590270996094 1010000
0.3396308422088623 1020000
0.3440687656402588 1030000
0.3469388484954834 1040000
0.34999585151672363 1050000
0.3529088497161865 1060000
0.35571789741516113 1070000
0.35866498947143555 1080000
0.36151885986328125 1090000
0.36438679695129395 1100000
0.3674030303955078 1110000
0.37073683738708496 1120000
0.37434983253479004 1130000
0.37799501419067383 1140000
0.3809318542480469 1150000
0.38380980491638184 1160000
0.3866398334503174 1170000
0.389434814453125 1180000
0.39224886894226074 1190000
0.39504003524780273 1200000
0.39823389053344727 1210000
0.4017789363861084 1220000
0.40541982650756836 1230000
0.4100978374481201 1240000
0.41323399543762207 1250000
0.416043758392334 1260000
0.41887998580932617 1270000
0.42161989212036133 1280000
0.4244728088378906 1290000
0.4272148609161377 1300000
0.4299740791320801 1310000
0.4327068328857422 1320000
0.4360220432281494 1330000
0.43923473358154297 1340000
0.4426398277282715 1350000
0.44678783416748047 1360000
0.4519178867340088 1370000
0.45589399337768555 1380000
0.4590268135070801 1390000
0.461777925491333 1400000
0.4645538330078125 1410000
0.4678196907043457 1420000
0.4709587097167969 1430000
0.4745028018951416 1440000
0.47798991203308105 1450000
0.4812150001525879 1460000
0.48406982421875 1470000
0.48689889907836914 1480000
0.4896399974822998 1490000
0.4925508499145508 1500000
0.49527883529663086 1510000
0.4980018138885498 1520000
0.5009567737579346 1530000
0.5040557384490967 1540000
0.507429838180542 1550000
0.5111098289489746 1560000
0.5144269466400146 1570000
0.5173859596252441 1580000
0.5202460289001465 1590000
0.5229678153991699 1600000
0.5257289409637451 1610000
0.5286078453063965 1620000
0.5314397811889648 1630000
0.5346279144287109 1640000
0.5377898216247559 1650000
0.541287899017334 1660000
0.5445289611816406 1670000
0.5474109649658203 1680000
0.5503129959106445 1690000
0.5531198978424072 1700000
0.5558509826660156 1710000
0.5585689544677734 1720000
0.5614278316497803 1730000
0.5641798973083496 1740000
0.5677566528320312 1750000
0.5711109638214111 1760000
0.5741488933563232 1770000
0.5778708457946777 1780000
0.5825669765472412 1790000
0.587310791015625 1800000
0.5914719104766846 1810000
0.5947730541229248 1820000
0.5979499816894531 1830000
0.6013467311859131 1840000
0.6049118041992188 1850000
0.6082098484039307 1860000
0.6115427017211914 1870000
0.6147007942199707 1880000
0.6176540851593018 1890000
0.6205418109893799 1900000
0.6232876777648926 1910000
0.6260337829589844 1920000
0.6288888454437256 1930000
0.631821870803833 1940000
0.6350510120391846 1950000
0.6382510662078857 1960000
0.6426258087158203 1970000
0.6458356380462646 1980000
0.6501457691192627 1990000
0.653066873550415 2000000
0.6558308601379395 2010000
0.6585848331451416 2020000
0.6613588333129883 2030000
0.6645748615264893 2040000
0.6687648296356201 2050000
0.6722538471221924 2060000
0.6766517162322998 2070000
0.6795368194580078 2080000
0.6826927661895752 2090000
0.6854867935180664 2100000
0.6882896423339844 2110000
0.6911327838897705 2120000
0.6939809322357178 2130000
0.6967029571533203 2140000
0.6998369693756104 2150000
0.70340895652771 2160000
0.7084698677062988 2170000
0.7137317657470703 2180000
0.7177717685699463 2190000
0.7208430767059326 2200000
0.7237377166748047 2210000
0.7265820503234863 2220000
0.7293970584869385 2230000
0.7324438095092773 2240000
0.7358129024505615 2250000
0.7394459247589111 2260000
0.7430160045623779 2270000
0.7459127902984619 2280000
0.7488226890563965 2290000
0.7515888214111328 2300000
0.7543418407440186 2310000
0.7571337223052979 2320000
0.7599029541015625 2330000
0.7626688480377197 2340000
0.7658398151397705 2350000
0.7692277431488037 2360000
0.7724788188934326 2370000
0.7755589485168457 2380000
0.7784278392791748 2390000
0.7812228202819824 2400000
0.7839770317077637 2410000
0.7867317199707031 2420000
0.78951096534729 2430000
0.7922618389129639 2440000
0.7949719429016113 2450000
0.797705888748169 2460000
0.8007156848907471 2470000
0.804649829864502 2480000
0.8087849617004395 2490000
0.8122107982635498 2500000
0.8151397705078125 2510000
0.8179609775543213 2520000
0.8207030296325684 2530000
0.823462963104248 2540000
0.8261809349060059 2550000
0.8289186954498291 2560000
0.8318657875061035 2570000
0.835075855255127 2580000
0.8389148712158203 2590000
0.8432466983795166 2600000
0.8478946685791016 2610000
0.8524558544158936 2620000
0.8563568592071533 2630000
0.8596117496490479 2640000
0.8623790740966797 2650000
0.8652470111846924 2660000
0.8680598735809326 2670000
0.8710238933563232 2680000
0.8744778633117676 2690000
0.8778576850891113 2700000
0.880706787109375 2710000
0.8838038444519043 2720000
0.8865647315979004 2730000
0.8892910480499268 2740000
0.8920018672943115 2750000
0.8948428630828857 2760000
0.8975868225097656 2770000
0.900803804397583 2780000
0.9045419692993164 2790000
0.908909797668457 2800000
0.9120519161224365 2810000
0.9151978492736816 2820000
0.918123722076416 2830000
0.9209086894989014 2840000
0.9236748218536377 2850000
0.926480770111084 2860000
0.9292380809783936 2870000
0.9319717884063721 2880000
0.9349477291107178 2890000
0.938154935836792 2900000
0.9413979053497314 2910000
0.9449868202209473 2920000
0.9482407569885254 2930000
0.9509828090667725 2940000
0.9537279605865479 2950000
0.9564437866210938 2960000
0.9591748714447021 2970000
0.9618978500366211 2980000
0.9647438526153564 2990000
0.968397855758667 3000000
0.9718108177185059 3010000
0.9747388362884521 3020000
0.9799199104309082 3030000
0.984915018081665 3040000
0.9892358779907227 3050000
0.9920346736907959 3060000
0.9948177337646484 3070000
0.9977197647094727 3080000
1.0009539127349854 3090000
1.004612922668457 3100000
1.0083768367767334 3110000
1.011352777481079 3120000
1.0145938396453857 3130000
1.0174758434295654 3140000
1.020263910293579 3150000
1.0230059623718262 3160000
1.0257506370544434 3170000
1.0284757614135742 3180000
1.0316429138183594 3190000
1.0351617336273193 3200000
1.0382940769195557 3210000
1.0416419506072998 3220000
1.04482102394104 3230000
1.0477466583251953 3240000
1.0507569313049316 3250000
1.0536408424377441 3260000
1.0564019680023193 3270000
1.0591559410095215 3280000
1.061868667602539 3290000
1.064943790435791 3300000
1.0685138702392578 3310000
1.0716350078582764 3320000
1.0758049488067627 3330000
1.0786209106445312 3340000
1.0813987255096436 3350000
1.0845777988433838 3360000
1.087411880493164 3370000
1.0901458263397217 3380000
1.0928728580474854 3390000
1.0955898761749268 3400000
1.098402738571167 3410000
1.101355791091919 3420000
1.1044068336486816 3430000
1.10811185836792 3440000
1.1120798587799072 3450000
1.1166737079620361 3460000
1.1215050220489502 3470000
1.1251840591430664 3480000
1.1280088424682617 3490000
1.1310169696807861 3500000
1.1347310543060303 3510000
1.1384048461914062 3520000
1.14202880859375 3530000
1.1452248096466064 3540000
1.1481349468231201 3550000
1.15134596824646 3560000
1.1545727252960205 3570000
1.1573660373687744 3580000
1.1602897644042969 3590000
1.1632237434387207 3600000
1.1663918495178223 3610000
1.1697208881378174 3620000
1.1729888916015625 3630000
1.1762449741363525 3640000
1.1790516376495361 3650000
1.1819956302642822 3660000
1.1850357055664062 3670000
1.1878910064697266 3680000
1.1908128261566162 3690000
1.1936960220336914 3700000
1.1967928409576416 3710000
1.200805902481079 3720000
1.2043828964233398 3730000
1.2085158824920654 3740000
1.2122139930725098 3750000
1.2150516510009766 3760000
1.2182197570800781 3770000
1.2212259769439697 3780000
1.2240498065948486 3790000
1.226874828338623 3800000
1.2297039031982422 3810000
1.2328977584838867 3820000
1.2364418506622314 3830000
1.2393836975097656 3840000
1.2437019348144531 3850000
1.2484428882598877 3860000
1.2526719570159912 3870000
1.256328821182251 3880000
1.2592027187347412 3890000
1.2619867324829102 3900000
1.2651689052581787 3910000
1.2693519592285156 3920000
1.2732019424438477 3930000
1.276338815689087 3940000
1.2791717052459717 3950000
1.28212571144104 3960000
1.2850978374481201 3970000
1.2880358695983887 3980000
1.291428804397583 3990000
1.2946648597717285 4000000
1.2975366115570068 4010000
1.3005928993225098 4020000
1.3038647174835205 4030000
1.3074266910552979 4040000
1.311478853225708 4050000
1.3143889904022217 4060000
1.3176767826080322 4070000
1.3204898834228516 4080000
1.3233108520507812 4090000
1.326253890991211 4100000
1.3290958404541016 4110000
1.332042932510376 4120000
1.3356177806854248 4130000
1.338791847229004 4140000
1.3424508571624756 4150000
1.3460659980773926 4160000
1.3489537239074707 4170000
1.351935863494873 4180000
1.354780912399292 4190000
1.3575899600982666 4200000
1.3605320453643799 4210000
1.3634450435638428 4220000
1.3667569160461426 4230000
1.3703417778015137 4240000
1.3748548030853271 4250000
1.3793690204620361 4260000
1.383995771408081 4270000
1.3872640132904053 4280000
1.390509843826294 4290000
1.3933517932891846 4300000
1.3962047100067139 4310000
1.3995928764343262 4320000
1.4029297828674316 4330000
1.406587839126587 4340000
1.4095497131347656 4350000
1.412395715713501 4360000
1.4152448177337646 4370000
1.418064832687378 4380000
1.4208929538726807 4390000
1.4237487316131592 4400000
1.4265568256378174 4410000
1.429429054260254 4420000
1.43263578414917 4430000
1.4363887310028076 4440000
1.4401538372039795 4450000
1.443593978881836 4460000
1.4476888179779053 4470000
1.450610876083374 4480000
1.453428030014038 4490000
1.456251859664917 4500000
1.4590718746185303 4510000
1.4619309902191162 4520000
1.4651126861572266 4530000
1.4682979583740234 4540000
1.4715747833251953 4550000
1.4748117923736572 4560000
1.477698802947998 4570000
1.4806327819824219 4580000
1.4835467338562012 4590000
1.4863717555999756 4600000
1.4892067909240723 4610000
1.4920198917388916 4620000
1.4948580265045166 4630000
1.4977998733520508 4640000
1.5009920597076416 4650000
1.5042140483856201 4660000
1.5072247982025146 4670000
1.511094093322754 4680000
1.516462802886963 4690000
1.5206127166748047 4700000
1.5244159698486328 4710000
1.5272088050842285 4720000
1.5300369262695312 4730000
1.5330548286437988 4740000
1.5362839698791504 4750000
1.5394949913024902 4760000
1.5426249504089355 4770000
1.5462288856506348 4780000
1.5491487979888916 4790000
1.5519468784332275 4800000
1.554757833480835 4810000
1.557568073272705 4820000
1.5603747367858887 4830000
1.5631706714630127 4840000
1.5664057731628418 4850000
1.5702338218688965 4860000
1.573847770690918 4870000
1.5769398212432861 4880000
1.5802669525146484 4890000
1.5833187103271484 4900000
1.58614182472229 4910000
1.5889627933502197 4920000
1.5917859077453613 4930000
1.594604730606079 4940000
1.5974159240722656 4950000
1.6004118919372559 4960000
1.6038808822631836 4970000
1.607177972793579 4980000
1.6105427742004395 4990000
1.6136436462402344 5000000
1.6164898872375488 5010000
1.6193017959594727 5020000
1.6223628520965576 5030000
1.6251568794250488 5040000
1.6279487609863281 5050000
1.6309797763824463 5060000
1.6340889930725098 5070000
1.6392860412597656 5080000
1.6446537971496582 5090000
1.6487207412719727 5100000
1.6542139053344727 5110000
1.6571757793426514 5120000
1.660085916519165 5130000
1.662966012954712 5140000
1.665841817855835 5150000
1.6691389083862305 5160000
1.6724658012390137 5170000
1.6762676239013672 5180000
1.6805598735809326 5190000
1.6837728023529053 5200000
1.6867117881774902 5210000
1.6895947456359863 5220000
1.6925709247589111 5230000
1.6954460144042969 5240000
1.6984009742736816 5250000
1.7016539573669434 5260000
1.7049508094787598 5270000
1.7092127799987793 5280000
1.714627742767334 5290000
1.7178308963775635 5300000
1.7208888530731201 5310000
1.7238080501556396 5320000
1.726693868637085 5330000
1.7296078205108643 5340000
1.7327148914337158 5350000
1.735914945602417 5360000
1.7395269870758057 5370000
1.7425658702850342 5380000
1.7465369701385498 5390000
1.7495980262756348 5400000
1.752572774887085 5410000
1.7554466724395752 5420000
1.7583377361297607 5430000
1.7612287998199463 5440000
1.7643988132476807 5450000
1.7675189971923828 5460000
1.7716138362884521 5470000
1.7772276401519775 5480000
1.782984972000122 5490000
1.787461757659912 5500000
1.790679693222046 5510000
1.793982982635498 5520000
1.797299861907959 5530000
1.8003137111663818 5540000
1.803520679473877 5550000
1.8068077564239502 5560000
1.8107316493988037 5570000
1.8144278526306152 5580000
1.8174097537994385 5590000
1.820354700088501 5600000
1.8232529163360596 5610000
1.826174020767212 5620000
1.8291089534759521 5630000
1.8326668739318848 5640000
1.8365199565887451 5650000
1.8407058715820312 5660000
1.8437047004699707 5670000
1.8473248481750488 5680000
1.8504867553710938 5690000
1.8533658981323242 5700000
1.8563299179077148 5710000
1.8592398166656494 5720000
1.8622357845306396 5730000
1.865189790725708 5740000
1.868304967880249 5750000
1.8716187477111816 5760000
1.8749878406524658 5770000
1.8779728412628174 5780000
1.8811569213867188 5790000
1.8841416835784912 5800000
1.887044906616211 5810000
1.889915943145752 5820000
1.8928027153015137 5830000
1.8957147598266602 5840000
1.898913860321045 5850000
1.9025049209594727 5860000
1.906479835510254 5870000
1.9127287864685059 5880000
1.917360782623291 5890000
1.9218907356262207 5900000
1.9248018264770508 5910000
1.9276707172393799 5920000
1.9307138919830322 5930000
1.9339189529418945 5940000
1.937131643295288 5950000
1.9409759044647217 5960000
1.9451878070831299 5970000
1.9483237266540527 5980000
1.9513769149780273 5990000
1.9543297290802002 6000000
1.9572038650512695 6010000
1.9600799083709717 6020000
1.9630348682403564 6030000
1.9663608074188232 6040000
1.9697647094726562 6050000
1.973477840423584 6060000
1.9775240421295166 6070000
1.980665922164917 6080000
1.983670711517334 6090000
1.9869577884674072 6100000
1.989999771118164 6110000
1.9929468631744385 6120000
1.995856761932373 6130000
1.9987657070159912 6140000
2.0018067359924316 6150000
2.00528883934021 6160000
2.0082650184631348 6170000
2.011812925338745 6180000
2.0147457122802734 6190000
2.0177009105682373 6200000
2.020745038986206 6210000
2.023808002471924 6220000
2.02677583694458 6230000
2.029672861099243 6240000
2.0328540802001953 6250000
2.0362348556518555 6260000
2.0399539470672607 6270000
2.0452938079833984 6280000
2.0510337352752686 6290000
2.056104898452759 6300000
2.059771776199341 6310000
2.062694787979126 6320000
2.065847873687744 6330000
2.069122791290283 6340000
2.072483777999878 6350000
2.076251983642578 6360000
2.080345869064331 6370000
2.0833287239074707 6380000
2.0862619876861572 6390000
2.0891668796539307 6400000
2.092134952545166 6410000
2.0950379371643066 6420000
2.0979018211364746 6430000
2.1008520126342773 6440000
2.104398727416992 6450000
2.107553005218506 6460000
2.1111249923706055 6470000
2.114344835281372 6480000
2.1177568435668945 6490000
2.1207518577575684 6500000
2.123633861541748 6510000
2.1265838146209717 6520000
2.1295318603515625 6530000
2.1326169967651367 6540000
2.135816812515259 6550000
2.1389288902282715 6560000
2.142458915710449 6570000
2.1456968784332275 6580000
2.148671865463257 6590000
2.1517598628997803 6600000
2.154784917831421 6610000
2.1576807498931885 6620000
2.1605827808380127 6630000
2.1635427474975586 6640000
2.1666319370269775 6650000
2.1697027683258057 6660000
2.172966957092285 6670000
2.177238702774048 6680000
2.1821887493133545 6690000
2.1878700256347656 6700000
2.191793918609619 6710000
2.1946938037872314 6720000
2.197687864303589 6730000
2.200906991958618 6740000
2.2042198181152344 6750000
2.2081139087677 6760000
2.211873769760132 6770000
2.215366840362549 6780000
2.2185518741607666 6790000
2.2215139865875244 6800000
2.2244038581848145 6810000
2.2272777557373047 6820000
2.230231761932373 6830000
2.234005928039551 6840000
2.237297773361206 6850000
2.2409989833831787 6860000
2.24406099319458 6870000
2.2474167346954346 6880000
2.250485897064209 6890000
2.253405809402466 6900000
2.2562897205352783 6910000
2.2592358589172363 6920000
2.2622008323669434 6930000
2.2656729221343994 6940000
2.269075870513916 6950000
2.2721307277679443 6960000
2.2753050327301025 6970000
2.278208017349243 6980000
2.281277894973755 6990000
2.2842328548431396 7000000
2.2871596813201904 7010000
2.290109872817993 7020000
2.2930338382720947 7030000
2.2959377765655518 7040000
2.2991607189178467 7050000
2.3024978637695312 7060000
2.3056447505950928 7070000
2.310023784637451 7080000
2.3150830268859863 7090000
2.3184657096862793 7100000
2.322657823562622 7110000
2.3257029056549072 7120000
2.32867693901062 7130000
2.331662893295288 7140000
2.3348968029022217 7150000
2.339465856552124 7160000
2.343510627746582 7170000
2.3469998836517334 7180000
2.350705862045288 7190000
2.3538129329681396 7200000
2.356881856918335 7210000
2.359834909439087 7220000
2.362797737121582 7230000
2.3659398555755615 7240000
2.369576930999756 7250000
2.3748250007629395 7260000
2.37845778465271 7270000
2.381601095199585 7280000
2.3845717906951904 7290000
2.387589931488037 7300000
2.3905677795410156 7310000
2.393533945083618 7320000
2.3965237140655518 7330000
2.3998358249664307 7340000
2.4035348892211914 7350000
2.4074597358703613 7360000
2.411332845687866 7370000
2.4145348072052 7380000
2.4175498485565186 7390000
2.4205739498138428 7400000
2.423560857772827 7410000
2.426539659500122 7420000
2.429502010345459 7430000
2.43296480178833 7440000
2.4364988803863525 7450000
2.441037893295288 7460000
2.446420907974243 7470000
2.4512147903442383 7480000
2.4556076526641846 7490000
2.459143877029419 7500000
2.4621148109436035 7510000
2.465488910675049 7520000
2.468989849090576 7530000
2.472742795944214 7540000
2.476893901824951 7550000
2.480421781539917 7560000
2.483475923538208 7570000
2.486508846282959 7580000
2.489471912384033 7590000
2.492438793182373 7600000
2.495400905609131 7610000
2.498586893081665 7620000
2.502210855484009 7630000
2.505643844604492 7640000
2.511016845703125 7650000
2.514936685562134 7660000
2.5180258750915527 7670000
2.52101469039917 7680000
2.5239899158477783 7690000
2.5270228385925293 7700000
2.5300049781799316 7710000
2.5330638885498047 7720000
2.53646183013916 7730000
2.5403528213500977 7740000
2.5445120334625244 7750000
2.5479040145874023 7760000
2.5510988235473633 7770000
2.5542168617248535 7780000
2.5571787357330322 7790000
2.560142755508423 7800000
2.5631117820739746 7810000
2.5663979053497314 7820000
2.5702526569366455 7830000
2.574795722961426 7840000
2.580317974090576 7850000
2.5858817100524902 7860000
2.590543746948242 7870000
2.5938267707824707 7880000
2.596860885620117 7890000
2.6002748012542725 7900000
2.603580951690674 7910000
2.6077959537506104 7920000
2.6112136840820312 7930000
2.614865779876709 7940000
2.618086814880371 7950000
2.6210896968841553 7960000
2.624058723449707 7970000
2.627042770385742 7980000
2.630009889602661 7990000
2.6333699226379395 8000000
2.63698673248291 8010000
2.6413838863372803 8020000
2.6445748805999756 8030000
2.648761749267578 8040000
2.6521847248077393 8050000
2.6562397480010986 8060000
2.6592319011688232 8070000
2.6622698307037354 8080000
2.6656429767608643 8090000
2.6690139770507812 8100000
2.6731679439544678 8110000
2.678567886352539 8120000
2.6816859245300293 8130000
2.6847927570343018 8140000
2.6877758502960205 8150000
2.6907479763031006 8160000
2.6937296390533447 8170000
2.6967287063598633 8180000
2.700251817703247 8190000
2.7034618854522705 8200000
2.708232879638672 8210000
2.7139840126037598 8220000
2.719528913497925 8230000
2.724644899368286 8240000
2.7276947498321533 8250000
2.73078989982605 8260000
2.734135866165161 8270000
2.737729787826538 8280000
2.741954803466797 8290000
2.745884895324707 8300000
2.7491037845611572 8310000
2.752161741256714 8320000
2.755222797393799 8330000
2.7581839561462402 8340000
2.761155843734741 8350000
2.764218807220459 8360000
2.7676050662994385 8370000
2.7715559005737305 8380000
2.7759149074554443 8390000
2.7798819541931152 8400000
2.7834997177124023 8410000
2.7865049839019775 8420000
2.789564847946167 8430000
2.79257869720459 8440000
2.795654773712158 8450000
2.798870086669922 8460000
2.80214786529541 8470000
2.8065218925476074 8480000
2.810224771499634 8490000
2.814926862716675 8500000
2.8182108402252197 8510000
2.8212947845458984 8520000
2.824314832687378 8530000
2.8272697925567627 8540000
2.8302409648895264 8550000
2.833202838897705 8560000
2.8366148471832275 8570000
2.840064764022827 8580000
2.84458589553833 8590000
2.850505828857422 8600000
2.8555116653442383 8610000
2.860234022140503 8620000
2.864053964614868 8630000
2.8675448894500732 8640000
2.8711018562316895 8650000
2.8743879795074463 8660000
2.878262758255005 8670000
2.8816168308258057 8680000
2.8849899768829346 8690000
2.888044834136963 8700000
2.8910160064697266 8710000
2.8940868377685547 8720000
2.8970558643341064 8730000
2.900528907775879 8740000
2.9044899940490723 8750000
2.908787965774536 8760000
2.9146969318389893 8770000
2.919207811355591 8780000
2.9222068786621094 8790000
2.925339937210083 8800000
2.928379774093628 8810000
2.931432008743286 8820000
2.934678792953491 8830000
2.9380617141723633 8840000
2.9416136741638184 8850000
2.945551872253418 8860000
2.9486258029937744 8870000
2.95186185836792 8880000
2.9548816680908203 8890000
2.9578440189361572 8900000
2.960850954055786 8910000
2.9638307094573975 8920000
2.967092990875244 8930000
2.971141815185547 8940000
2.975322723388672 8950000
2.9817416667938232 8960000
2.9862558841705322 8970000
2.989866018295288 8980000
2.9936976432800293 8990000
2.9973549842834473 9000000
3.0010387897491455 9010000
3.0052309036254883 9020000
3.0095627307891846 9030000
3.0130980014801025 9040000
3.0162079334259033 9050000
3.020277976989746 9060000
3.02331280708313 9070000
3.0265417098999023 9080000
3.029632806777954 9090000
3.0334208011627197 9100000
3.037017822265625 9110000
3.041377067565918 9120000
3.0449459552764893 9130000
3.0488898754119873 9140000
3.0520687103271484 9150000
3.055105686187744 9160000
3.0581467151641846 9170000
3.0612738132476807 9180000
3.0645697116851807 9190000
3.0686709880828857 9200000
3.072377920150757 9210000
3.0766708850860596 9220000
3.0809249877929688 9230000
3.0840766429901123 9240000
3.0871098041534424 9250000
3.0901687145233154 9260000
3.0932159423828125 9270000
3.096280813217163 9280000
3.099409818649292 9290000
3.10325288772583 9300000
3.1075258255004883 9310000
3.1190547943115234 9320000
3.123426675796509 9330000
3.126905918121338 9340000
3.1299567222595215 9350000
3.133114814758301 9360000
3.137057065963745 9370000
3.1411290168762207 9380000
3.145122766494751 9390000
3.1490728855133057 9400000
3.1528067588806152 9410000
3.155897855758667 9420000
3.159458875656128 9430000
3.162599802017212 9440000
3.1661598682403564 9450000
3.1701200008392334 9460000
3.1754939556121826 9470000
3.1793928146362305 9480000
3.182955741882324 9490000
3.1861188411712646 9500000
3.189189910888672 9510000
3.192232847213745 9520000
3.1952757835388184 9530000
3.198671817779541 9540000
3.202932834625244 9550000
3.2079968452453613 9560000
3.2134108543395996 9570000
3.21730899810791 9580000
3.220568895339966 9590000
3.223659038543701 9600000
3.2267327308654785 9610000
3.229835033416748 9620000
3.2341578006744385 9630000
3.2390737533569336 9640000
3.2528088092803955 9650000
3.256500005722046 9660000
3.259531021118164 9670000
3.2625837326049805 9680000
3.266408920288086 9690000
3.2707998752593994 9700000
3.276315927505493 9710000
3.280636787414551 9720000
3.2838096618652344 9730000
3.2868988513946533 9740000
3.2900259494781494 9750000
3.293170928955078 9760000
3.2962467670440674 9770000
3.299776077270508 9780000
3.303654909133911 9790000
3.308215856552124 9800000
3.313797950744629 9810000
3.3170838356018066 9820000
3.320251941680908 9830000
3.3232977390289307 9840000
3.3263509273529053 9850000
3.329509735107422 9860000
3.3326268196105957 9870000
3.336188793182373 9880000
3.3400278091430664 9890000
3.344404935836792 9900000
3.349263906478882 9910000
3.3525209426879883 9920000
3.3556690216064453 9930000
3.3587448596954346 9940000
3.3618109226226807 9950000
3.3652780055999756 9960000
3.3688418865203857 9970000
3.373600959777832 9980000
3.3853158950805664 9990000
