1000 2.288818359375e-05
11000 7.915496826171875e-05
21000 0.0001327991485595703
31000 0.00018525123596191406
41000 0.00025010108947753906
51000 0.0004563331604003906
61000 0.0004868507385253906
71000 0.0006639957427978516
81000 0.0009770393371582031
91000 0.0007832050323486328
101000 0.0008609294891357422
111000 0.0009763240814208984
121000 0.00115203857421875
131000 0.0012021064758300781
141000 0.0013918876647949219
151000 0.0014448165893554688
161000 0.0014660358428955078
171000 0.0016181468963623047
181000 0.001851797103881836
191000 0.002087831497192383
201000 0.001947164535522461
211000 0.0019118785858154297
221000 0.0021109580993652344
231000 0.002106189727783203
241000 0.002438068389892578
251000 0.0022919178009033203
261000 0.0024149417877197266
271000 0.0027611255645751953
281000 0.003058910369873047
291000 0.002707958221435547
301000 0.0028870105743408203
311000 0.0028688907623291016
321000 0.003145933151245117
331000 0.003036022186279297
341000 0.003554105758666992
351000 0.003857851028442383
361000 0.003313302993774414
371000 0.0035130977630615234
381000 0.0034821033477783203
391000 0.003728151321411133
401000 0.003757953643798828
411000 0.0045511722564697266
421000 0.003960847854614258
431000 0.00414729118347168
441000 0.004175901412963867
451000 0.004118680953979492
461000 0.004375934600830078
471000 0.0055828094482421875
481000 0.00655364990234375
491000 0.004683017730712891
