1000 1.3828277587890625e-05
11000 1.5974044799804688e-05
21000 1.71661376953125e-05
31000 1.71661376953125e-05
41000 2.9802322387695312e-05
51000 3.314018249511719e-05
61000 1.5974044799804688e-05
71000 1.5735626220703125e-05
81000 2.7894973754882812e-05
91000 1.5974044799804688e-05
101000 1.4066696166992188e-05
111000 1.3113021850585938e-05
121000 1.6927719116210938e-05
131000 1.4066696166992188e-05
141000 1.5974044799804688e-05
151000 1.5974044799804688e-05
161000 1.4781951904296875e-05
171000 1.71661376953125e-05
181000 1.621246337890625e-05
191000 0.00011014938354492188
201000 2.09808349609375e-05
211000 1.621246337890625e-05
221000 1.621246337890625e-05
231000 2.6941299438476562e-05
241000 1.621246337890625e-05
251000 1.5974044799804688e-05
261000 2.002716064453125e-05
271000 1.5735626220703125e-05
281000 1.4066696166992188e-05
291000 1.6689300537109375e-05
301000 1.3828277587890625e-05
311000 1.52587890625e-05
321000 1.4066696166992188e-05
331000 1.4066696166992188e-05
341000 1.430511474609375e-05
351000 2.4080276489257812e-05
361000 1.52587890625e-05
371000 1.6927719116210938e-05
381000 1.811981201171875e-05
391000 3.1948089599609375e-05
401000 3.409385681152344e-05
411000 2.5987625122070312e-05
421000 3.2901763916015625e-05
431000 1.621246337890625e-05
441000 3.314018249511719e-05
451000 2.8848648071289062e-05
461000 1.811981201171875e-05
471000 1.5974044799804688e-05
481000 1.71661376953125e-05
491000 2.5033950805664062e-05
