1000 2.09808349609375e-05
11000 0.00013399124145507812
21000 0.00024127960205078125
31000 0.00040793418884277344
41000 0.0006628036499023438
51000 0.0009620189666748047
61000 0.0011210441589355469
71000 0.0012958049774169922
81000 0.0014820098876953125
91000 0.001672983169555664
101000 0.0022401809692382812
111000 0.0022020339965820312
121000 0.002215147018432617
131000 0.002607107162475586
141000 0.002595186233520508
151000 0.0028543472290039062
161000 0.003010988235473633
171000 0.0030808448791503906
181000 0.0043010711669921875
191000 0.0036149024963378906
201000 0.003941774368286133
211000 0.0038568973541259766
221000 0.004156827926635742
231000 0.0048677921295166016
241000 0.005025625228881836
251000 0.0046138763427734375
261000 0.005053281784057617
271000 0.0050051212310791016
281000 0.006129026412963867
291000 0.005934715270996094
301000 0.005738973617553711
311000 0.0058269500732421875
321000 0.0059468746185302734
331000 0.008532047271728516
341000 0.006990909576416016
351000 0.0066068172454833984
361000 0.00832509994506836
371000 0.007998943328857422
381000 0.007385730743408203
391000 0.007326841354370117
401000 0.009480953216552734
411000 0.008228302001953125
421000 0.007982969284057617
431000 0.008087158203125
441000 0.010102987289428711
451000 0.008727073669433594
461000 0.008774042129516602
471000 0.013146162033081055
481000 0.009572029113769531
491000 0.0124359130859375
